生成启动时间为 2018/9/17 9:24:59。
     1>项目“C:\Users\chenli\Desktop\测距程序\代码\3.测距\binocularMeasureDSMFC\binocularMeasureDSMFC\binocularMeasureDSMFC.vcxproj”在节点 2 上(Rebuild 个目标)。
     1>ClCompile:
         D:\application\vs\VC\bin\CL.exe /c /ZI /nologo /W3 /WX- /sdl /Od /Oy- /D WIN32 /D _WINDOWS /D _DEBUG /D _CRT_SECURE_NO_WARNINGS /D _UNICODE /D UNICODE /D _AFXDLL /Gm /EHsc /RTC1 /MDd /GS /fp:precise /Zc:wchar_t /Zc:forScope /Yc"stdafx.h" /Fp"Debug\binocularMeasureDSMFC.pch" /Fo"Debug\\" /Fd"Debug\vc120.pdb" /Gd /TP /analyze- /errorReport:prompt stdafx.cpp
         stdafx.cpp
         D:\application\vs\VC\bin\CL.exe /c /ZI /nologo /W3 /WX- /sdl /Od /Oy- /D WIN32 /D _WINDOWS /D _DEBUG /D _CRT_SECURE_NO_WARNINGS /D _UNICODE /D UNICODE /D _AFXDLL /Gm /EHsc /RTC1 /MDd /GS /fp:precise /Zc:wchar_t /Zc:forScope /Yu"stdafx.h" /Fp"Debug\binocularMeasureDSMFC.pch" /Fo"Debug\\" /Fd"Debug\vc120.pdb" /Gd /TP /analyze- /errorReport:prompt binocularMeasureDSMFC.cpp binocularMeasureDSMFCDlg.cpp CameraDS.cpp CvvImage.cpp CV_picture.cpp
         CV_picture.cpp
     1>c:\users\chenli\desktop\测距程序\代码\3.测距\binocularmeasuredsmfc\binocularmeasuredsmfc\cv_picture.cpp(34): warning C4244: “=”: 从“float”转换到“int”，可能丢失数据
     1>c:\users\chenli\desktop\测距程序\代码\3.测距\binocularmeasuredsmfc\binocularmeasuredsmfc\cv_picture.cpp(35): warning C4244: “=”: 从“float”转换到“int”，可能丢失数据
     1>c:\users\chenli\desktop\测距程序\代码\3.测距\binocularmeasuredsmfc\binocularmeasuredsmfc\cv_picture.cpp(66): warning C4244: “=”: 从“float”转换到“int”，可能丢失数据
     1>c:\users\chenli\desktop\测距程序\代码\3.测距\binocularmeasuredsmfc\binocularmeasuredsmfc\cv_picture.cpp(67): warning C4244: “=”: 从“float”转换到“int”，可能丢失数据
     1>c:\users\chenli\desktop\测距程序\代码\3.测距\binocularmeasuredsmfc\binocularmeasuredsmfc\cv_picture.cpp(90): warning C4244: “=”: 从“float”转换到“int”，可能丢失数据
     1>c:\users\chenli\desktop\测距程序\代码\3.测距\binocularmeasuredsmfc\binocularmeasuredsmfc\cv_picture.cpp(91): warning C4244: “=”: 从“float”转换到“int”，可能丢失数据
     1>c:\users\chenli\desktop\测距程序\代码\3.测距\binocularmeasuredsmfc\binocularmeasuredsmfc\cv_picture.cpp(112): warning C4244: “=”: 从“float”转换到“int”，可能丢失数据
     1>c:\users\chenli\desktop\测距程序\代码\3.测距\binocularmeasuredsmfc\binocularmeasuredsmfc\cv_picture.cpp(113): warning C4244: “=”: 从“float”转换到“int”，可能丢失数据
     1>c:\users\chenli\desktop\测距程序\代码\3.测距\binocularmeasuredsmfc\binocularmeasuredsmfc\cv_picture.cpp(144): warning C4244: “=”: 从“float”转换到“int”，可能丢失数据
     1>c:\users\chenli\desktop\测距程序\代码\3.测距\binocularmeasuredsmfc\binocularmeasuredsmfc\cv_picture.cpp(145): warning C4244: “=”: 从“float”转换到“int”，可能丢失数据
     1>c:\users\chenli\desktop\测距程序\代码\3.测距\binocularmeasuredsmfc\binocularmeasuredsmfc\cv_picture.cpp(152): warning C4244: “=”: 从“float”转换到“int”，可能丢失数据
     1>c:\users\chenli\desktop\测距程序\代码\3.测距\binocularmeasuredsmfc\binocularmeasuredsmfc\cv_picture.cpp(158): warning C4244: “=”: 从“float”转换到“int”，可能丢失数据
     1>c:\users\chenli\desktop\测距程序\代码\3.测距\binocularmeasuredsmfc\binocularmeasuredsmfc\cv_picture.cpp(175): warning C4244: “=”: 从“float”转换到“int”，可能丢失数据
     1>c:\users\chenli\desktop\测距程序\代码\3.测距\binocularmeasuredsmfc\binocularmeasuredsmfc\cv_picture.cpp(176): warning C4244: “=”: 从“float”转换到“int”，可能丢失数据
     1>c:\users\chenli\desktop\测距程序\代码\3.测距\binocularmeasuredsmfc\binocularmeasuredsmfc\cv_picture.cpp(185): warning C4244: “参数”: 从“float”转换到“int”，可能丢失数据
     1>c:\users\chenli\desktop\测距程序\代码\3.测距\binocularmeasuredsmfc\binocularmeasuredsmfc\cv_picture.cpp(192): warning C4244: “=”: 从“float”转换到“int”，可能丢失数据
     1>c:\users\chenli\desktop\测距程序\代码\3.测距\binocularmeasuredsmfc\binocularmeasuredsmfc\cv_picture.cpp(193): warning C4244: “=”: 从“float”转换到“int”，可能丢失数据
     1>c:\users\chenli\desktop\测距程序\代码\3.测距\binocularmeasuredsmfc\binocularmeasuredsmfc\cv_picture.cpp(202): warning C4244: “参数”: 从“float”转换到“int”，可能丢失数据
     1>c:\users\chenli\desktop\测距程序\代码\3.测距\binocularmeasuredsmfc\binocularmeasuredsmfc\cv_picture.cpp(249): warning C4244: “=”: 从“float”转换到“int”，可能丢失数据
     1>c:\users\chenli\desktop\测距程序\代码\3.测距\binocularmeasuredsmfc\binocularmeasuredsmfc\cv_picture.cpp(250): warning C4244: “=”: 从“float”转换到“int”，可能丢失数据
     1>c:\users\chenli\desktop\测距程序\代码\3.测距\binocularmeasuredsmfc\binocularmeasuredsmfc\cv_picture.cpp(269): warning C4244: “初始化”: 从“float”转换到“int”，可能丢失数据
     1>c:\users\chenli\desktop\测距程序\代码\3.测距\binocularmeasuredsmfc\binocularmeasuredsmfc\cv_picture.cpp(270): warning C4244: “初始化”: 从“float”转换到“int”，可能丢失数据
     1>c:\users\chenli\desktop\测距程序\代码\3.测距\binocularmeasuredsmfc\binocularmeasuredsmfc\cv_picture.cpp(333): warning C4244: “参数”: 从“float”转换到“int”，可能丢失数据
     1>c:\users\chenli\desktop\测距程序\代码\3.测距\binocularmeasuredsmfc\binocularmeasuredsmfc\cv_picture.cpp(357): warning C4244: “=”: 从“float”转换到“int”，可能丢失数据
     1>c:\users\chenli\desktop\测距程序\代码\3.测距\binocularmeasuredsmfc\binocularmeasuredsmfc\cv_picture.cpp(358): warning C4244: “=”: 从“float”转换到“int”，可能丢失数据
     1>c:\users\chenli\desktop\测距程序\代码\3.测距\binocularmeasuredsmfc\binocularmeasuredsmfc\cv_picture.cpp(359): warning C4244: “=”: 从“float”转换到“int”，可能丢失数据
     1>c:\users\chenli\desktop\测距程序\代码\3.测距\binocularmeasuredsmfc\binocularmeasuredsmfc\cv_picture.cpp(360): warning C4244: “=”: 从“float”转换到“int”，可能丢失数据
     1>c:\users\chenli\desktop\测距程序\代码\3.测距\binocularmeasuredsmfc\binocularmeasuredsmfc\cv_picture.cpp(381): warning C4244: “=”: 从“float”转换到“int”，可能丢失数据
     1>c:\users\chenli\desktop\测距程序\代码\3.测距\binocularmeasuredsmfc\binocularmeasuredsmfc\cv_picture.cpp(382): warning C4244: “=”: 从“float”转换到“int”，可能丢失数据
     1>c:\users\chenli\desktop\测距程序\代码\3.测距\binocularmeasuredsmfc\binocularmeasuredsmfc\cv_picture.cpp(413): warning C4244: “参数”: 从“float”转换到“int”，可能丢失数据
         CvvImage.cpp
         CameraDS.cpp
     1>c:\users\chenli\desktop\测距程序\directshow\include\uuids.h : warning C4819: 该文件包含不能在当前代码页(936)中表示的字符。请将该文件保存为 Unicode 格式以防止数据丢失
         binocularMeasureDSMFCDlg.cpp
     1>c:\users\chenli\desktop\测距程序\directshow\include\uuids.h : warning C4819: 该文件包含不能在当前代码页(936)中表示的字符。请将该文件保存为 Unicode 格式以防止数据丢失
     1>c:\users\chenli\desktop\测距程序\代码\3.测距\binocularmeasuredsmfc\binocularmeasuredsmfc\binocularmeasuredsmfcdlg.cpp(403): warning C4244: “参数”: 从“double”转换到“int”，可能丢失数据
     1>c:\users\chenli\desktop\测距程序\代码\3.测距\binocularmeasuredsmfc\binocularmeasuredsmfc\binocularmeasuredsmfcdlg.cpp(432): warning C4244: “参数”: 从“double”转换到“int”，可能丢失数据
     1>c:\users\chenli\desktop\测距程序\代码\3.测距\binocularmeasuredsmfc\binocularmeasuredsmfc\binocularmeasuredsmfcdlg.cpp(433): warning C4244: “参数”: 从“double”转换到“int”，可能丢失数据
     1>c:\users\chenli\desktop\测距程序\代码\3.测距\binocularmeasuredsmfc\binocularmeasuredsmfc\binocularmeasuredsmfcdlg.cpp(720): warning C4018: “<”: 有符号/无符号不匹配
     1>c:\users\chenli\desktop\测距程序\代码\3.测距\binocularmeasuredsmfc\binocularmeasuredsmfc\binocularmeasuredsmfcdlg.cpp(725): warning C4129: “/”: 不可识别的字符转义序列
     1>c:\users\chenli\desktop\测距程序\代码\3.测距\binocularmeasuredsmfc\binocularmeasuredsmfc\binocularmeasuredsmfcdlg.cpp(726): warning C4129: “/”: 不可识别的字符转义序列
     1>c:\users\chenli\desktop\测距程序\代码\3.测距\binocularmeasuredsmfc\binocularmeasuredsmfc\binocularmeasuredsmfcdlg.cpp(734): warning C4018: “<”: 有符号/无符号不匹配
     1>c:\users\chenli\desktop\测距程序\代码\3.测距\binocularmeasuredsmfc\binocularmeasuredsmfc\binocularmeasuredsmfcdlg.cpp(739): warning C4129: “/”: 不可识别的字符转义序列
     1>c:\users\chenli\desktop\测距程序\代码\3.测距\binocularmeasuredsmfc\binocularmeasuredsmfc\binocularmeasuredsmfcdlg.cpp(740): warning C4129: “/”: 不可识别的字符转义序列
     1>c:\users\chenli\desktop\测距程序\代码\3.测距\binocularmeasuredsmfc\binocularmeasuredsmfc\binocularmeasuredsmfcdlg.cpp(1252): warning C4018: “<”: 有符号/无符号不匹配
     1>c:\users\chenli\desktop\测距程序\代码\3.测距\binocularmeasuredsmfc\binocularmeasuredsmfc\binocularmeasuredsmfcdlg.cpp(1257): warning C4129: “/”: 不可识别的字符转义序列
     1>c:\users\chenli\desktop\测距程序\代码\3.测距\binocularmeasuredsmfc\binocularmeasuredsmfc\binocularmeasuredsmfcdlg.cpp(1258): warning C4129: “/”: 不可识别的字符转义序列
     1>c:\users\chenli\desktop\测距程序\代码\3.测距\binocularmeasuredsmfc\binocularmeasuredsmfc\binocularmeasuredsmfcdlg.cpp(1266): warning C4018: “<”: 有符号/无符号不匹配
     1>c:\users\chenli\desktop\测距程序\代码\3.测距\binocularmeasuredsmfc\binocularmeasuredsmfc\binocularmeasuredsmfcdlg.cpp(1271): warning C4129: “/”: 不可识别的字符转义序列
     1>c:\users\chenli\desktop\测距程序\代码\3.测距\binocularmeasuredsmfc\binocularmeasuredsmfc\binocularmeasuredsmfcdlg.cpp(1272): warning C4129: “/”: 不可识别的字符转义序列
         binocularMeasureDSMFC.cpp
     1>c:\users\chenli\desktop\测距程序\directshow\include\uuids.h : warning C4819: 该文件包含不能在当前代码页(936)中表示的字符。请将该文件保存为 Unicode 格式以防止数据丢失
         正在生成代码...
       ResourceCompile:
         C:\Program Files (x86)\Windows Kits\8.1\bin\x86\rc.exe /D _DEBUG /D _UNICODE /D UNICODE /D _AFXDLL /l"0x0804" /IDebug\ /nologo /fo"Debug\binocularMeasureDSMFC.res" binocularMeasureDSMFC.rc 
       Link:
         D:\application\vs\VC\bin\link.exe /ERRORREPORT:PROMPT /OUT:"C:\Users\chenli\Desktop\测距程序\代码\3.测距\binocularMeasureDSMFC\Debug\binocularMeasureDSMFC.exe" /INCREMENTAL /NOLOGO opencv_calib3d2413d.lib opencv_contrib2413d.lib opencv_core2413d.lib opencv_features2d2413d.lib opencv_flann2413d.lib opencv_gpu2413d.lib opencv_highgui2413d.lib opencv_imgproc2413d.lib opencv_legacy2413d.lib opencv_ml2413d.lib opencv_nonfree2413d.lib opencv_objdetect2413d.lib opencv_ocl2413d.lib opencv_photo2413d.lib opencv_stitching2413d.lib opencv_superres2413d.lib opencv_ts2413d.lib opencv_video2413d.lib opencv_videostab2413d.lib opencv_ml249d.lib opencv_calib3d249d.lib opencv_contrib249d.lib opencv_core249d.lib opencv_features2d249d.lib opencv_flann249d.lib opencv_gpu249d.lib opencv_highgui249d.lib opencv_imgproc249d.lib opencv_legacy249d.lib opencv_objdetect249d.lib opencv_ts249d.lib opencv_video249d.lib opencv_nonfree249d.lib opencv_ocl249d.lib opencv_photo249d.lib opencv_stitching249d.lib opencv_superres249d.lib opencv_videostab249d.lib opencv_objdetect249.lib opencv_ts249.lib opencv_video249.lib opencv_nonfree249.lib opencv_ocl249.lib opencv_photo249.lib opencv_stitching249.lib opencv_superres249.lib opencv_videostab249.lib opencv_calib3d249.lib opencv_contrib249.lib opencv_core249.lib opencv_features2d249.lib opencv_flann249.lib opencv_gpu249.lib opencv_highgui249.lib opencv_imgproc249.lib opencv_legacy249.lib opencv_ml249.lib /MANIFEST /MANIFESTUAC:"level='asInvoker' uiAccess='false'" /manifest:embed /manifestinput:D:\application\vs\VC\Include\Manifest\dpiaware.manifest /DEBUG /PDB:"C:\Users\chenli\Desktop\测距程序\代码\3.测距\binocularMeasureDSMFC\Debug\binocularMeasureDSMFC.pdb" /SUBSYSTEM:WINDOWS /TLBID:1 /ENTRY:"wWinMainCRTStartup" /DYNAMICBASE /NXCOMPAT /IMPLIB:"C:\Users\chenli\Desktop\测距程序\代码\3.测距\binocularMeasureDSMFC\Debug\binocularMeasureDSMFC.lib" /MACHINE:X86 Debug\binocularMeasureDSMFC.res
         Debug\binocularMeasureDSMFC.obj
         Debug\binocularMeasureDSMFCDlg.obj
         Debug\CameraDS.obj
         Debug\CvvImage.obj
         Debug\CV_picture.obj
         Debug\stdafx.obj
         binocularMeasureDSMFC.vcxproj -> C:\Users\chenli\Desktop\测距程序\代码\3.测距\binocularMeasureDSMFC\Debug\binocularMeasureDSMFC.exe
     1>已完成生成项目“C:\Users\chenli\Desktop\测距程序\代码\3.测距\binocularMeasureDSMFC\binocularMeasureDSMFC\binocularMeasureDSMFC.vcxproj”(Rebuild 个目标)的操作。

生成成功。

已用时间 00:00:09.13
