d:\program\camera\测距程序\测距程序\代码\3.测距\binocularmeasuredsmfc\binocularmeasuredsmfc\debug\binocularmeasuredsmfc.pch
d:\program\camera\测距程序\测距程序\代码\3.测距\binocularmeasuredsmfc\binocularmeasuredsmfc\debug\vc120.pdb
d:\program\camera\测距程序\测距程序\代码\3.测距\binocularmeasuredsmfc\binocularmeasuredsmfc\debug\vc120.idb
d:\program\camera\测距程序\测距程序\代码\3.测距\binocularmeasuredsmfc\binocularmeasuredsmfc\debug\stdafx.obj
d:\program\camera\测距程序\测距程序\代码\3.测距\binocularmeasuredsmfc\binocularmeasuredsmfc\debug\binocularmeasuredsmfc.obj
d:\program\camera\测距程序\测距程序\代码\3.测距\binocularmeasuredsmfc\binocularmeasuredsmfc\debug\binocularmeasuredsmfcdlg.obj
d:\program\camera\测距程序\测距程序\代码\3.测距\binocularmeasuredsmfc\binocularmeasuredsmfc\debug\camerads.obj
d:\program\camera\测距程序\测距程序\代码\3.测距\binocularmeasuredsmfc\binocularmeasuredsmfc\debug\cvvimage.obj
d:\program\camera\测距程序\测距程序\代码\3.测距\binocularmeasuredsmfc\binocularmeasuredsmfc\debug\cv_picture.obj
d:\program\camera\测距程序\测距程序\代码\3.测距\binocularmeasuredsmfc\debug\binocularmeasuredsmfc.ilk
d:\program\camera\测距程序\测距程序\代码\3.测距\binocularmeasuredsmfc\debug\binocularmeasuredsmfc.exe
d:\program\camera\测距程序\测距程序\代码\3.测距\binocularmeasuredsmfc\debug\binocularmeasuredsmfc.pdb
d:\program\camera\测距程序\测距程序\代码\3.测距\binocularmeasuredsmfc\binocularmeasuredsmfc\debug\binocularmeasuredsmfc.res
c:\users\chenli\desktop\测距程序\代码\3.测距\binocularmeasuredsmfc\binocularmeasuredsmfc\debug\binocularmeasuredsmfc.obj
c:\users\chenli\desktop\测距程序\代码\3.测距\binocularmeasuredsmfc\binocularmeasuredsmfc\debug\binocularmeasuredsmfcdlg.obj
c:\users\chenli\desktop\测距程序\代码\3.测距\binocularmeasuredsmfc\binocularmeasuredsmfc\debug\camerads.obj
c:\users\chenli\desktop\测距程序\代码\3.测距\binocularmeasuredsmfc\binocularmeasuredsmfc\debug\cvvimage.obj
c:\users\chenli\desktop\测距程序\代码\3.测距\binocularmeasuredsmfc\binocularmeasuredsmfc\debug\cv_picture.obj
c:\users\chenli\desktop\测距程序\代码\3.测距\binocularmeasuredsmfc\binocularmeasuredsmfc\debug\stdafx.obj
c:\users\chenli\desktop\测距程序\代码\3.测距\binocularmeasuredsmfc\binocularmeasuredsmfc\debug\binocularmeasuredsmfc.res
c:\users\chenli\desktop\测距程序\代码\3.测距\binocularmeasuredsmfc\binocularmeasuredsmfc\debug\binocularmeasuredsmfc.pch
c:\users\chenli\desktop\测距程序\代码\3.测距\binocularmeasuredsmfc\binocularmeasuredsmfc\debug\vc120.idb
c:\users\chenli\desktop\测距程序\代码\3.测距\binocularmeasuredsmfc\binocularmeasuredsmfc\debug\vc120.pdb
c:\users\chenli\desktop\测距程序\代码\3.测距\binocularmeasuredsmfc\debug\binocularmeasuredsmfc.pdb
c:\users\chenli\desktop\测距程序\代码\3.测距\binocularmeasuredsmfc\debug\binocularmeasuredsmfc.exe
c:\users\chenli\desktop\测距程序\代码\3.测距\binocularmeasuredsmfc\debug\binocularmeasuredsmfc.ilk
c:\users\chenli\desktop\测距程序\代码\3.测距\binocularmeasuredsmfc\binocularmeasuredsmfc\debug\binocula.5496a608.tlog\cl.command.1.tlog
c:\users\chenli\desktop\测距程序\代码\3.测距\binocularmeasuredsmfc\binocularmeasuredsmfc\debug\binocula.5496a608.tlog\cl.read.1.tlog
c:\users\chenli\desktop\测距程序\代码\3.测距\binocularmeasuredsmfc\binocularmeasuredsmfc\debug\binocula.5496a608.tlog\cl.write.1.tlog
c:\users\chenli\desktop\测距程序\代码\3.测距\binocularmeasuredsmfc\binocularmeasuredsmfc\debug\binocula.5496a608.tlog\link.command.1.tlog
c:\users\chenli\desktop\测距程序\代码\3.测距\binocularmeasuredsmfc\binocularmeasuredsmfc\debug\binocula.5496a608.tlog\link.read.1.tlog
c:\users\chenli\desktop\测距程序\代码\3.测距\binocularmeasuredsmfc\binocularmeasuredsmfc\debug\binocula.5496a608.tlog\link.write.1.tlog
c:\users\chenli\desktop\测距程序\代码\3.测距\binocularmeasuredsmfc\binocularmeasuredsmfc\debug\binocula.5496a608.tlog\rc.command.1.tlog
c:\users\chenli\desktop\测距程序\代码\3.测距\binocularmeasuredsmfc\binocularmeasuredsmfc\debug\binocula.5496a608.tlog\rc.read.1.tlog
c:\users\chenli\desktop\测距程序\代码\3.测距\binocularmeasuredsmfc\binocularmeasuredsmfc\debug\binocula.5496a608.tlog\rc.write.1.tlog
