c:\users\chenli\desktop\shiyan\distance_measuring\代码\3.测距\binocularmeasuredsmfc22\binocularmeasuredsmfc\debug\binocularmeasuredsmfc.pch
c:\users\chenli\desktop\shiyan\distance_measuring\代码\3.测距\binocularmeasuredsmfc22\binocularmeasuredsmfc\debug\vc120.pdb
c:\users\chenli\desktop\shiyan\distance_measuring\代码\3.测距\binocularmeasuredsmfc22\binocularmeasuredsmfc\debug\vc120.idb
c:\users\chenli\desktop\shiyan\distance_measuring\代码\3.测距\binocularmeasuredsmfc22\binocularmeasuredsmfc\debug\stdafx.obj
c:\users\chenli\desktop\shiyan\distance_measuring\代码\3.测距\binocularmeasuredsmfc22\binocularmeasuredsmfc\debug\binocularmeasuredsmfc.obj
c:\users\chenli\desktop\shiyan\distance_measuring\代码\3.测距\binocularmeasuredsmfc22\binocularmeasuredsmfc\debug\binocularmeasuredsmfcdlg.obj
c:\users\chenli\desktop\shiyan\distance_measuring\代码\3.测距\binocularmeasuredsmfc22\binocularmeasuredsmfc\debug\camerads.obj
c:\users\chenli\desktop\shiyan\distance_measuring\代码\3.测距\binocularmeasuredsmfc22\binocularmeasuredsmfc\debug\cvvimage.obj
c:\users\chenli\desktop\shiyan\distance_measuring\代码\3.测距\binocularmeasuredsmfc22\binocularmeasuredsmfc\debug\cv_picture.obj
c:\users\chenli\desktop\shiyan\distance_measuring\代码\3.测距\binocularmeasuredsmfc22\debug\binocularmeasuredsmfc.ilk
c:\users\chenli\desktop\shiyan\distance_measuring\代码\3.测距\binocularmeasuredsmfc22\debug\binocularmeasuredsmfc.exe
c:\users\chenli\desktop\shiyan\distance_measuring\代码\3.测距\binocularmeasuredsmfc22\debug\binocularmeasuredsmfc.pdb
c:\users\chenli\desktop\shiyan\distance_measuring\代码\3.测距\binocularmeasuredsmfc22\binocularmeasuredsmfc\debug\binocularmeasuredsmfc.res
c:\users\chenli\desktop\shiyan\distance_measuring\代码\3.测距\binocularmeasuredsmfc22\binocularmeasuredsmfc\debug\binocula.5496a608.tlog\cl.command.1.tlog
c:\users\chenli\desktop\shiyan\distance_measuring\代码\3.测距\binocularmeasuredsmfc22\binocularmeasuredsmfc\debug\binocula.5496a608.tlog\cl.read.1.tlog
c:\users\chenli\desktop\shiyan\distance_measuring\代码\3.测距\binocularmeasuredsmfc22\binocularmeasuredsmfc\debug\binocula.5496a608.tlog\cl.write.1.tlog
c:\users\chenli\desktop\shiyan\distance_measuring\代码\3.测距\binocularmeasuredsmfc22\binocularmeasuredsmfc\debug\binocula.5496a608.tlog\link.command.1.tlog
c:\users\chenli\desktop\shiyan\distance_measuring\代码\3.测距\binocularmeasuredsmfc22\binocularmeasuredsmfc\debug\binocula.5496a608.tlog\link.read.1.tlog
c:\users\chenli\desktop\shiyan\distance_measuring\代码\3.测距\binocularmeasuredsmfc22\binocularmeasuredsmfc\debug\binocula.5496a608.tlog\link.write.1.tlog
c:\users\chenli\desktop\shiyan\distance_measuring\代码\3.测距\binocularmeasuredsmfc22\binocularmeasuredsmfc\debug\binocula.5496a608.tlog\rc.command.1.tlog
c:\users\chenli\desktop\shiyan\distance_measuring\代码\3.测距\binocularmeasuredsmfc22\binocularmeasuredsmfc\debug\binocula.5496a608.tlog\rc.read.1.tlog
c:\users\chenli\desktop\shiyan\distance_measuring\代码\3.测距\binocularmeasuredsmfc22\binocularmeasuredsmfc\debug\binocula.5496a608.tlog\rc.write.1.tlog
